#-----------------------------------------------------------
# Vivado v2018.2 (64-bit)
# SW Build 2258646 on Thu Jun 14 20:02:38 MDT 2018
# IP Build 2256618 on Thu Jun 14 22:10:49 MDT 2018
# Start of session at: Wed Sep 26 19:29:29 2018
# Process ID: 3887
# Current directory: /home/comparch/Documents/Lab0
# Command line: vivado
# Log file: /home/comparch/Documents/Lab0/vivado.log
# Journal file: /home/comparch/Documents/Lab0/vivado.jou
#-----------------------------------------------------------
start_gui
create_project lab_0 /home/comparch/Documents/Lab0/lab_0 -part xc7z010clg400-1
INFO: [IP_Flow 19-234] Refreshing IP repositories
INFO: [IP_Flow 19-1704] No user IP repositories specified
INFO: [IP_Flow 19-2313] Loaded Vivado IP repository '/opt/Xilinx/Vivado/2018.2/data/ip'.
create_project: Time (s): cpu = 00:00:07 ; elapsed = 00:00:12 . Memory (MB): peak = 5975.547 ; gain = 84.824 ; free physical = 129 ; free virtual = 2669
set_property board_part digilentinc.com:zybo:part0:1.0 [current_project]
add_files -fileset constrs_1 -norecurse /home/comparch/Documents/Lab0/ZYBO_Master.xdc
import_files -fileset constrs_1 /home/comparch/Documents/Lab0/ZYBO_Master.xdc
import_files -norecurse /home/comparch/Documents/Lab0/lab0_wrapper.v
update_compile_order -fileset sources_1
launch_runs synth_1
[Wed Sep 26 19:39:07 2018] Launched synth_1...
Run output will be captured here: /home/comparch/Documents/Lab0/lab_0/lab_0.runs/synth_1/runme.log
import_files -norecurse /home/comparch/Documents/Lab0/adder.v
update_compile_order -fileset sources_1
reset_run synth_1
launch_runs synth_1
WARNING: [HDL 9-2994] overwriting previous definition of module structuralFullAdder [adder.v:5]
WARNING: [HDL 9-2994] overwriting previous definition of module FullAdder4bit [adder.v:22]
WARNING: [filemgmt 20-1318] Duplicate Design Unit 'structuralFullAdder()' found in library 'xil_defaultlib'
Duplicate found at line 5 of file /home/comparch/Documents/Lab0/lab_0/lab_0.srcs/sources_1/imports/Lab0/adder.v
Duplicate found at line 5 of file /home/comparch/Documents/Lab0/lab_0/lab_0.srcs/sources_1/imports/Lab0/lab0_wrapper.v
WARNING: [filemgmt 20-1318] Duplicate Design Unit 'FullAdder4bit()' found in library 'xil_defaultlib'
Duplicate found at line 22 of file /home/comparch/Documents/Lab0/lab_0/lab_0.srcs/sources_1/imports/Lab0/adder.v
Duplicate found at line 22 of file /home/comparch/Documents/Lab0/lab_0/lab_0.srcs/sources_1/imports/Lab0/lab0_wrapper.v
[Wed Sep 26 19:40:21 2018] Launched synth_1...
Run output will be captured here: /home/comparch/Documents/Lab0/lab_0/lab_0.runs/synth_1/runme.log
launch_runs impl_1
[Wed Sep 26 19:42:22 2018] Launched impl_1...
Run output will be captured here: /home/comparch/Documents/Lab0/lab_0/lab_0.runs/impl_1/runme.log
launch_runs impl_1 -to_step write_bitstream
[Wed Sep 26 19:44:42 2018] Launched impl_1...
Run output will be captured here: /home/comparch/Documents/Lab0/lab_0/lab_0.runs/impl_1/runme.log
open_hw
connect_hw_server
INFO: [Labtools 27-2285] Connecting to hw_server url TCP:localhost:3121
INFO: [Labtools 27-2222] Launching hw_server...
INFO: [Labtools 27-2221] Launch Output:

****** Xilinx hw_server v2018.2
  **** Build date : Jun 14 2018-20:18:37
    ** Copyright 1986-2018 Xilinx, Inc. All Rights Reserved.


open_hw_target
INFO: [Labtoolstcl 44-466] Opening hw_target localhost:3121/xilinx_tcf/Digilent/210279652082A
open_hw_target: Time (s): cpu = 00:00:02 ; elapsed = 00:00:06 . Memory (MB): peak = 6651.945 ; gain = 537.031 ; free physical = 532 ; free virtual = 1856
set_property PROGRAM.FILE {/home/comparch/Documents/Lab0/lab_0/lab_0.runs/impl_1/lab0_wrapper.bit} [get_hw_devices xc7z010_1]
current_hw_device [get_hw_devices xc7z010_1]
refresh_hw_device -update_hw_probes false [lindex [get_hw_devices xc7z010_1] 0]
INFO: [Labtools 27-1434] Device xc7z010 (JTAG device index = 1) is programmed with a design that has no supported debug core(s) in it.
WARNING: [Labtools 27-3361] The debug hub core was not detected.
Resolution: 
1. Make sure the clock connected to the debug hub (dbg_hub) core is a free running clock and is active.
2. Make sure the BSCAN_SWITCH_USER_MASK device property in Vivado Hardware Manager reflects the user scan chain setting in the design and refresh the device.  To determine the user scan chain setting in the design, open the implemented design and use 'get_property C_USER_SCAN_CHAIN [get_debug_cores dbg_hub]'.
For more details on setting the scan chain property, consult the Vivado Debug and Programming User Guide (UG908).
set_property PROBES.FILE {} [get_hw_devices xc7z010_1]
set_property FULL_PROBES.FILE {} [get_hw_devices xc7z010_1]
set_property PROGRAM.FILE {/home/comparch/Documents/Lab0/lab_0/lab_0.runs/impl_1/lab0_wrapper.bit} [get_hw_devices xc7z010_1]
program_hw_devices [get_hw_devices xc7z010_1]
INFO: [Labtools 27-3164] End of startup status: HIGH
refresh_hw_device [lindex [get_hw_devices xc7z010_1] 0]
INFO: [Labtools 27-1434] Device xc7z010 (JTAG device index = 1) is programmed with a design that has no supported debug core(s) in it.
WARNING: [Labtools 27-3361] The debug hub core was not detected.
Resolution: 
1. Make sure the clock connected to the debug hub (dbg_hub) core is a free running clock and is active.
2. Make sure the BSCAN_SWITCH_USER_MASK device property in Vivado Hardware Manager reflects the user scan chain setting in the design and refresh the device.  To determine the user scan chain setting in the design, open the implemented design and use 'get_property C_USER_SCAN_CHAIN [get_debug_cores dbg_hub]'.
For more details on setting the scan chain property, consult the Vivado Debug and Programming User Guide (UG908).
ERROR: [Labtoolstcl 44-513] HW Target shutdown. Closing target: localhost:3121/xilinx_tcf/Digilent/210279652082A
exit
INFO: [Common 17-206] Exiting Vivado at Wed Sep 26 19:57:13 2018...
